[debug] Running TaskDef(com.lightbend.akka.sample.DeviceSpec, org.scalatest.tools.Framework$$anon$1@13e868ed, false, [SuiteSelector])
[debug] Running TaskDef(com.lightbend.akka.sample.AkkaQuickstartSpec, org.scalatest.tools.Framework$$anon$1@13e868ed, false, [SuiteSelector])
[info] Run completed in 1 second, 163 milliseconds.
[info] Total number of tests run: 2
[info] Suites: completed 2, aborted 0
[info] Tests: succeeded 1, failed 1, canceled 0, ignored 0, pending 0
[info] *** 1 TEST FAILED ***
[debug] Passed tests:
[debug] 	com.lightbend.akka.sample.AkkaQuickstartSpec
[error] Failed tests:
[error] 	com.lightbend.akka.sample.DeviceSpec
[error] (test:test) sbt.TestsFailedException: Tests unsuccessful
